<?xml version="1.0" encoding="utf-8"?>
<coverage line-rate="0.0625" branch-rate="0" complexity="0" branches-covered="0" branches-valid="0" timestamp="0" lines-covered="7" lines-valid="112" version="0">
  <sources>
    <source>c:</source>
  </sources>
  <packages>
    <package name="C:\xo-monitor-cpp\cross-monitor-cpp\Debug\CrossMonitor.Client.Tests.exe" line-rate="0.0625" branch-rate="0" complexity="0">
      <classes>
        <class name="application_client.cpp" filename="xo-monitor-cpp\cross-monitor-cpp\crossmonitor.client\application_client.cpp" line-rate="0.086956521739130432" branch-rate="0" complexity="0">
          <methods/>
          <lines>
            <line number="25" hits="0"/>
            <line number="26" hits="0"/>
            <line number="31" hits="0"/>
            <line number="33" hits="0"/>
            <line number="35" hits="0"/>
            <line number="36" hits="0"/>
            <line number="37" hits="0"/>
            <line number="38" hits="0"/>
            <line number="39" hits="0"/>
            <line number="40" hits="0"/>
            <line number="41" hits="0"/>
            <line number="93" hits="1"/>
            <line number="94" hits="1"/>
            <line number="95" hits="1"/>
            <line number="96" hits="1"/>
            <line number="98" hits="0"/>
            <line number="100" hits="0"/>
            <line number="101" hits="0"/>
            <line number="102" hits="0"/>
            <line number="104" hits="0"/>
            <line number="105" hits="0"/>
            <line number="106" hits="0"/>
            <line number="107" hits="0"/>
            <line number="110" hits="0"/>
            <line number="112" hits="0"/>
            <line number="113" hits="0"/>
            <line number="114" hits="0"/>
            <line number="115" hits="0"/>
            <line number="117" hits="0"/>
            <line number="118" hits="0"/>
            <line number="120" hits="0"/>
            <line number="122" hits="0"/>
            <line number="124" hits="0"/>
            <line number="125" hits="0"/>
            <line number="126" hits="0"/>
            <line number="127" hits="0"/>
            <line number="129" hits="0"/>
            <line number="130" hits="0"/>
            <line number="131" hits="0"/>
            <line number="132" hits="0"/>
            <line number="134" hits="0"/>
            <line number="136" hits="0"/>
            <line number="137" hits="0"/>
            <line number="138" hits="0"/>
            <line number="139" hits="0"/>
            <line number="141" hits="0"/>
          </lines>
        </class>
        <class name="application_client_unittests.cpp" filename="xo-monitor-cpp\cross-monitor-cpp\crossmonitor.client.tests\application_client_unittests.cpp" line-rate="0.375" branch-rate="0" complexity="0">
          <methods/>
          <lines>
            <line number="17" hits="1"/>
            <line number="18" hits="1"/>
            <line number="19" hits="1"/>
            <line number="21" hits="0"/>
            <line number="22" hits="0"/>
            <line number="23" hits="0"/>
            <line number="24" hits="0"/>
            <line number="26" hits="0"/>
          </lines>
        </class>
        <class name="os_mock.cpp" filename="xo-monitor-cpp\cross-monitor-cpp\crossmonitor.client.tests\os_mock.cpp" line-rate="0" branch-rate="0" complexity="0">
          <methods/>
          <lines>
            <line number="13" hits="0"/>
            <line number="14" hits="0"/>
            <line number="15" hits="0"/>
            <line number="17" hits="0"/>
            <line number="18" hits="0"/>
            <line number="19" hits="0"/>
            <line number="21" hits="0"/>
            <line number="22" hits="0"/>
            <line number="23" hits="0"/>
            <line number="25" hits="0"/>
            <line number="26" hits="0"/>
            <line number="27" hits="0"/>
            <line number="29" hits="0"/>
            <line number="30" hits="0"/>
            <line number="31" hits="0"/>
            <line number="33" hits="0"/>
            <line number="34" hits="0"/>
            <line number="35" hits="0"/>
          </lines>
        </class>
        <class name="utils_mock.cpp" filename="xo-monitor-cpp\cross-monitor-cpp\crossmonitor.client.tests\utils_mock.cpp" line-rate="0" branch-rate="0" complexity="0">
          <methods/>
          <lines>
            <line number="11" hits="0"/>
            <line number="12" hits="0"/>
            <line number="13" hits="0"/>
            <line number="14" hits="0"/>
            <line number="15" hits="0"/>
            <line number="16" hits="0"/>
          </lines>
        </class>
        <class name="data.hpp" filename="xo-monitor-cpp\cross-monitor-cpp\crossmonitor.shared\data.hpp" line-rate="0" branch-rate="0" complexity="0">
          <methods/>
          <lines>
            <line number="22" hits="0"/>
            <line number="23" hits="0"/>
            <line number="24" hits="0"/>
            <line number="25" hits="0"/>
            <line number="26" hits="0"/>
            <line number="34" hits="0"/>
            <line number="35" hits="0"/>
            <line number="36" hits="0"/>
            <line number="39" hits="0"/>
            <line number="40" hits="0"/>
            <line number="41" hits="0"/>
            <line number="42" hits="0"/>
            <line number="43" hits="0"/>
            <line number="49" hits="0"/>
            <line number="50" hits="0"/>
            <line number="51" hits="0"/>
            <line number="54" hits="0"/>
            <line number="55" hits="0"/>
            <line number="56" hits="0"/>
            <line number="57" hits="0"/>
            <line number="58" hits="0"/>
            <line number="64" hits="0"/>
            <line number="65" hits="0"/>
            <line number="66" hits="0"/>
            <line number="68" hits="0"/>
            <line number="69" hits="0"/>
            <line number="70" hits="0"/>
            <line number="71" hits="0"/>
            <line number="72" hits="0"/>
          </lines>
        </class>
        <class name="utils.hpp" filename="xo-monitor-cpp\cross-monitor-cpp\crossmonitor.shared\utils.hpp" line-rate="0" branch-rate="0" complexity="0">
          <methods/>
          <lines>
            <line number="55" hits="0"/>
            <line number="56" hits="0"/>
            <line number="57" hits="0"/>
            <line number="58" hits="0"/>
            <line number="59" hits="0"/>
          </lines>
        </class>
      </classes>
    </package>
  </packages>
</coverage>
